#
# There is insufficient memory for the Java Runtime Environment to continue.
# Native memory allocation (malloc) failed to allocate 62656 bytes for Chunk::new
# Possible reasons:
#   The system is out of physical RAM or swap space
#   In 32 bit mode, the process size limit was hit
# Possible solutions:
#   Reduce memory load on the system
#   Increase physical memory or swap space
#   Check if swap backing store is full
#   Use 64 bit Java on a 64 bit OS
#   Decrease Java heap size (-Xmx/-Xms)
#   Decrease number of Java threads
#   Decrease Java thread stack sizes (-Xss)
#   Set larger code cache with -XX:ReservedCodeCacheSize=
# This output file may be truncated or incomplete.
#
#  Out of Memory Error (allocation.cpp:390), pid=15528, tid=0x0000000000003ffc
#
# JRE version: Java(TM) SE Runtime Environment (8.0_101-b13) (build 1.8.0_101-b13)
# Java VM: Java HotSpot(TM) 64-Bit Server VM (25.101-b13 mixed mode windows-amd64 compressed oops)
# Failed to write core dump. Minidumps are not enabled by default on client versions of Windows
#

---------------  T H R E A D  ---------------

Current thread (0x0000000017bf2000):  JavaThread "C2 CompilerThread0" daemon [_thread_in_native, id=16380, stack(0x0000000019240000,0x0000000019340000)]

Stack: [0x0000000019240000,0x0000000019340000]
[error occurred during error reporting (printing stack bounds), id 0xc0000005]

Native frames: (J=compiled Java code, j=interpreted, Vv=VM code, C=native code)


Current CompileTask:
C2: 847899 4465   !   4       sun.nio.ch.SelectorImpl::processDeregisterQueue (101 bytes)


---------------  P R O C E S S  ---------------

Java Threads: ( => current thread )
  0x000000001a7e2800 JavaThread "DestroyJavaVM" [_thread_blocked, id=15912, stack(0x00000000019c0000,0x0000000001ac0000)]
  0x000000001a7e9800 JavaThread "http-nio-8080-AsyncTimeout" daemon [_thread_blocked, id=7536, stack(0x0000000022f20000,0x0000000023020000)]
  0x000000001a7e2000 JavaThread "http-nio-8080-Acceptor-0" daemon [_thread_in_native, id=11628, stack(0x0000000022e20000,0x0000000022f20000)]
  0x000000001a7e8800 JavaThread "http-nio-8080-ClientPoller-1" daemon [_thread_in_native, id=11372, stack(0x0000000022d20000,0x0000000022e20000)]
  0x000000001a7e5000 JavaThread "http-nio-8080-ClientPoller-0" daemon [_thread_in_native, id=9528, stack(0x0000000022c20000,0x0000000022d20000)]
  0x000000001a7e5800 JavaThread "http-nio-8080-exec-10" daemon [_thread_blocked, id=11740, stack(0x0000000022b20000,0x0000000022c20000)]
  0x000000001a7e8000 JavaThread "http-nio-8080-exec-9" daemon [_thread_blocked, id=1240, stack(0x0000000022a20000,0x0000000022b20000)]
  0x000000001a7e6800 JavaThread "http-nio-8080-exec-8" daemon [_thread_blocked, id=7748, stack(0x0000000022920000,0x0000000022a20000)]
  0x000000001a7e4000 JavaThread "http-nio-8080-exec-7" daemon [_thread_blocked, id=3812, stack(0x0000000022820000,0x0000000022920000)]
  0x000000001a7e3800 JavaThread "http-nio-8080-exec-6" daemon [_thread_blocked, id=9024, stack(0x0000000022720000,0x0000000022820000)]
  0x000000001a7e7000 JavaThread "http-nio-8080-exec-5" daemon [_thread_blocked, id=1136, stack(0x0000000022620000,0x0000000022720000)]
  0x000000001f6ba800 JavaThread "http-nio-8080-exec-4" daemon [_thread_blocked, id=15244, stack(0x0000000022520000,0x0000000022620000)]
  0x000000001f6bc800 JavaThread "http-nio-8080-exec-3" daemon [_thread_blocked, id=6992, stack(0x0000000022420000,0x0000000022520000)]
  0x000000001f6bb000 JavaThread "http-nio-8080-exec-2" daemon [_thread_blocked, id=14136, stack(0x0000000022320000,0x0000000022420000)]
  0x000000001f6bc000 JavaThread "http-nio-8080-exec-1" daemon [_thread_blocked, id=10788, stack(0x0000000022220000,0x0000000022320000)]
  0x000000001f6bd800 JavaThread "NioBlockingSelector.BlockPoller-1" daemon [_thread_in_native, id=12224, stack(0x0000000022120000,0x0000000022220000)]
  0x000000001ac74800 JavaThread "Abandoned connection cleanup thread" daemon [_thread_blocked, id=16892, stack(0x0000000020250000,0x0000000020350000)]
  0x000000001b55e000 JavaThread "Tomcat JDBC Pool Cleaner[1607521710:1505616341986]" daemon [_thread_blocked, id=8132, stack(0x0000000020150000,0x0000000020250000)]
  0x000000001acb1800 JavaThread "container-0" [_thread_blocked, id=15532, stack(0x000000001ff00000,0x0000000020000000)]
  0x000000001aa9b000 JavaThread "ContainerBackgroundProcessor[StandardEngine[Tomcat]]" daemon [_thread_blocked, id=9228, stack(0x000000001fe00000,0x000000001ff00000)]
  0x0000000019bf4800 JavaThread "Monitor Ctrl-Break" daemon [_thread_in_native, id=11280, stack(0x000000001a340000,0x000000001a440000)]
  0x0000000019453000 JavaThread "Service Thread" daemon [_thread_blocked, id=5660, stack(0x0000000019940000,0x0000000019a40000)]
  0x0000000019450800 JavaThread "C1 CompilerThread2" daemon [_thread_blocked, id=15636, stack(0x0000000019840000,0x0000000019940000)]
  0x0000000017bf6800 JavaThread "C2 CompilerThread1" daemon [_thread_blocked, id=1720, stack(0x0000000019340000,0x0000000019440000)]
=>0x0000000017bf2000 JavaThread "C2 CompilerThread0" daemon [_thread_in_native, id=16380, stack(0x0000000019240000,0x0000000019340000)]
  0x0000000017bf0800 JavaThread "Attach Listener" daemon [_thread_blocked, id=13860, stack(0x0000000019140000,0x0000000019240000)]
  0x0000000017bef800 JavaThread "Signal Dispatcher" daemon [_thread_blocked, id=9088, stack(0x0000000019040000,0x0000000019140000)]
  0x0000000001bb9800 JavaThread "Finalizer" daemon [_thread_blocked, id=16412, stack(0x0000000018e40000,0x0000000018f40000)]
  0x0000000001bb6000 JavaThread "Reference Handler" daemon [_thread_blocked, id=8804, stack(0x0000000018d40000,0x0000000018e40000)]

Other Threads:
  0x0000000017bb7000 VMThread [stack: 0x0000000018c40000,0x0000000018d40000] [id=2576]
  0x0000000019456000 WatcherThread [stack: 0x0000000019a40000,0x0000000019b40000] [id=11536]

VM state:not at safepoint (normal execution)

VM Mutex/Monitor currently owned by a thread: None

Heap:
 PSYoungGen      total 213504K, used 63332K [0x00000000d5980000, 0x00000000e8800000, 0x0000000100000000)
  eden space 197120K, 24% used [0x00000000d5980000,0x00000000d8837d58,0x00000000e1a00000)
  from space 16384K, 94% used [0x00000000e1a00000,0x00000000e29216a0,0x00000000e2a00000)
  to   space 18432K, 0% used [0x00000000e7600000,0x00000000e7600000,0x00000000e8800000)
 ParOldGen       total 109056K, used 22981K [0x0000000080c00000, 0x0000000087680000, 0x00000000d5980000)
  object space 109056K, 21% used [0x0000000080c00000,0x00000000822714e0,0x0000000087680000)
 Metaspace       used 47325K, capacity 47764K, committed 48256K, reserved 1091584K
  class space    used 6136K, capacity 6241K, committed 6272K, reserved 1048576K

Card table byte_map: [0x0000000012400000,0x0000000012800000] byte_map_base: 0x0000000011ffa000

Marking Bits: (ParMarkBitMap*) 0x0000000055cba6d0
 Begin Bits: [0x0000000012eb0000, 0x0000000014e80000)
 End Bits:   [0x0000000014e80000, 0x0000000016e50000)

Polling page: 0x0000000001740000

CodeCache: size=245760Kb used=14673Kb max_used=14925Kb free=231086Kb
 bounds [0x0000000003400000, 0x00000000042b0000, 0x0000000012400000]
 total_blobs=4406 nmethods=3873 adapters=445
 compilation: enabled

Compilation events (10 events):
Event: 725.579 Thread 0x0000000019450800 nmethod 4461 0x0000000003532650 code [0x0000000003532940, 0x0000000003534348]
Event: 726.493 Thread 0x0000000017bf2000 4465   !   4       sun.nio.ch.SelectorImpl::processDeregisterQueue (101 bytes)
Event: 727.411 Thread 0x0000000017bf6800 4466  s    4       org.apache.tomcat.util.collections.SynchronizedQueue::poll (61 bytes)
Event: 728.869 Thread 0x0000000017bf6800 nmethod 4466 0x00000000035aa090 code [0x00000000035aa1e0, 0x00000000035aa3f8]
Event: 728.869 Thread 0x0000000017bf6800 4467   !   4       sun.nio.ch.WindowsSelectorImpl$SubSelector::processFDSet (374 bytes)
Event: 730.186 Thread 0x0000000019450800 4462       1       sun.nio.ch.WindowsSelectorImpl::access$1700 (5 bytes)
Event: 730.187 Thread 0x0000000019450800 nmethod 4462 0x00000000042a0010 code [0x00000000042a0160, 0x00000000042a0250]
Event: 730.189 Thread 0x0000000019450800 4463       1       sun.nio.ch.WindowsSelectorImpl::access$1800 (5 bytes)
Event: 730.189 Thread 0x0000000019450800 nmethod 4463 0x0000000003607450 code [0x00000000036075a0, 0x0000000003607690]
Event: 743.645 Thread 0x0000000017bf6800 nmethod 4467 0x00000000035f9e90 code [0x00000000035f9fe0, 0x00000000035fa3f8]

GC Heap History (10 events):
Event: 4.647 GC heap before
{Heap before GC invocations=5 (full 1):
 PSYoungGen      total 138240K, used 5092K [0x00000000d5980000, 0x00000000de580000, 0x0000000100000000)
  eden space 133120K, 0% used [0x00000000d5980000,0x00000000d5980000,0x00000000ddb80000)
  from space 5120K, 99% used [0x00000000de080000,0x00000000de579088,0x00000000de580000)
  to   space 5120K, 0% used [0x00000000ddb80000,0x00000000ddb80000,0x00000000de080000)
 ParOldGen       total 87552K, used 7692K [0x0000000080c00000, 0x0000000086180000, 0x00000000d5980000)
  object space 87552K, 8% used [0x0000000080c00000,0x0000000081383048,0x0000000086180000)
 Metaspace       used 20810K, capacity 21100K, committed 21296K, reserved 1069056K
  class space    used 2537K, capacity 2617K, committed 2688K, reserved 1048576K
Event: 4.715 GC heap after
Heap after GC invocations=5 (full 1):
 PSYoungGen      total 138240K, used 0K [0x00000000d5980000, 0x00000000de580000, 0x0000000100000000)
  eden space 133120K, 0% used [0x00000000d5980000,0x00000000d5980000,0x00000000ddb80000)
  from space 5120K, 0% used [0x00000000de080000,0x00000000de080000,0x00000000de580000)
  to   space 5120K, 0% used [0x00000000ddb80000,0x00000000ddb80000,0x00000000de080000)
 ParOldGen       total 61952K, used 8056K [0x0000000080c00000, 0x0000000084880000, 0x00000000d5980000)
  object space 61952K, 13% used [0x0000000080c00000,0x00000000813de1b0,0x0000000084880000)
 Metaspace       used 20810K, capacity 21100K, committed 21296K, reserved 1069056K
  class space    used 2537K, capacity 2617K, committed 2688K, reserved 1048576K
}
Event: 7.158 GC heap before
{Heap before GC invocations=6 (full 1):
 PSYoungGen      total 138240K, used 133120K [0x00000000d5980000, 0x00000000de580000, 0x0000000100000000)
  eden space 133120K, 100% used [0x00000000d5980000,0x00000000ddb80000,0x00000000ddb80000)
  from space 5120K, 0% used [0x00000000de080000,0x00000000de080000,0x00000000de580000)
  to   space 5120K, 0% used [0x00000000ddb80000,0x00000000ddb80000,0x00000000de080000)
 ParOldGen       total 61952K, used 8056K [0x0000000080c00000, 0x0000000084880000, 0x00000000d5980000)
  object space 61952K, 13% used [0x0000000080c00000,0x00000000813de1b0,0x0000000084880000)
 Metaspace       used 27716K, capacity 28102K, committed 28416K, reserved 1075200K
  class space    used 3425K, capacity 3528K, committed 3584K, reserved 1048576K
Event: 7.178 GC heap after
Heap after GC invocations=6 (full 1):
 PSYoungGen      total 138240K, used 5108K [0x00000000d5980000, 0x00000000e3700000, 0x0000000100000000)
  eden space 133120K, 0% used [0x00000000d5980000,0x00000000d5980000,0x00000000ddb80000)
  from space 5120K, 99% used [0x00000000ddb80000,0x00000000de07d2f0,0x00000000de080000)
  to   space 13312K, 0% used [0x00000000e2a00000,0x00000000e2a00000,0x00000000e3700000)
 ParOldGen       total 61952K, used 15411K [0x0000000080c00000, 0x0000000084880000, 0x00000000d5980000)
  object space 61952K, 24% used [0x0000000080c00000,0x0000000081b0ccb8,0x0000000084880000)
 Metaspace       used 27716K, capacity 28102K, committed 28416K, reserved 1075200K
  class space    used 3425K, capacity 3528K, committed 3584K, reserved 1048576K
}
Event: 8.781 GC heap before
{Heap before GC invocations=7 (full 1):
 PSYoungGen      total 138240K, used 115342K [0x00000000d5980000, 0x00000000e3700000, 0x0000000100000000)
  eden space 133120K, 82% used [0x00000000d5980000,0x00000000dc526790,0x00000000ddb80000)
  from space 5120K, 99% used [0x00000000ddb80000,0x00000000de07d2f0,0x00000000de080000)
  to   space 13312K, 0% used [0x00000000e2a00000,0x00000000e2a00000,0x00000000e3700000)
 ParOldGen       total 61952K, used 15411K [0x0000000080c00000, 0x0000000084880000, 0x00000000d5980000)
  object space 61952K, 24% used [0x0000000080c00000,0x0000000081b0ccb8,0x0000000084880000)
 Metaspace       used 34827K, capacity 35222K, committed 35496K, reserved 1081344K
  class space    used 4411K, capacity 4528K, committed 4608K, reserved 1048576K
Event: 8.802 GC heap after
Heap after GC invocations=7 (full 1):
 PSYoungGen      total 210432K, used 13306K [0x00000000d5980000, 0x00000000e3c00000, 0x0000000100000000)
  eden space 197120K, 0% used [0x00000000d5980000,0x00000000d5980000,0x00000000e1a00000)
  from space 13312K, 99% used [0x00000000e2a00000,0x00000000e36fe9e8,0x00000000e3700000)
  to   space 16384K, 0% used [0x00000000e1a00000,0x00000000e1a00000,0x00000000e2a00000)
 ParOldGen       total 61952K, used 16274K [0x0000000080c00000, 0x0000000084880000, 0x00000000d5980000)
  object space 61952K, 26% used [0x0000000080c00000,0x0000000081be4878,0x0000000084880000)
 Metaspace       used 34827K, capacity 35222K, committed 35496K, reserved 1081344K
  class space    used 4411K, capacity 4528K, committed 4608K, reserved 1048576K
}
Event: 8.802 GC heap before
{Heap before GC invocations=8 (full 2):
 PSYoungGen      total 210432K, used 13306K [0x00000000d5980000, 0x00000000e3c00000, 0x0000000100000000)
  eden space 197120K, 0% used [0x00000000d5980000,0x00000000d5980000,0x00000000e1a00000)
  from space 13312K, 99% used [0x00000000e2a00000,0x00000000e36fe9e8,0x00000000e3700000)
  to   space 16384K, 0% used [0x00000000e1a00000,0x00000000e1a00000,0x00000000e2a00000)
 ParOldGen       total 61952K, used 16274K [0x0000000080c00000, 0x0000000084880000, 0x00000000d5980000)
  object space 61952K, 26% used [0x0000000080c00000,0x0000000081be4878,0x0000000084880000)
 Metaspace       used 34827K, capacity 35222K, committed 35496K, reserved 1081344K
  class space    used 4411K, capacity 4528K, committed 4608K, reserved 1048576K
Event: 8.909 GC heap after
Heap after GC invocations=8 (full 2):
 PSYoungGen      total 210432K, used 0K [0x00000000d5980000, 0x00000000e3c00000, 0x0000000100000000)
  eden space 197120K, 0% used [0x00000000d5980000,0x00000000d5980000,0x00000000e1a00000)
  from space 13312K, 0% used [0x00000000e2a00000,0x00000000e2a00000,0x00000000e3700000)
  to   space 16384K, 0% used [0x00000000e1a00000,0x00000000e1a00000,0x00000000e2a00000)
 ParOldGen       total 109056K, used 22973K [0x0000000080c00000, 0x0000000087680000, 0x00000000d5980000)
  object space 109056K, 21% used [0x0000000080c00000,0x000000008226f4e0,0x0000000087680000)
 Metaspace       used 34827K, capacity 35222K, committed 35496K, reserved 1081344K
  class space    used 4411K, capacity 4528K, committed 4608K, reserved 1048576K
}
Event: 11.884 GC heap before
{Heap before GC invocations=9 (full 2):
 PSYoungGen      total 210432K, used 197120K [0x00000000d5980000, 0x00000000e3c00000, 0x0000000100000000)
  eden space 197120K, 100% used [0x00000000d5980000,0x00000000e1a00000,0x00000000e1a00000)
  from space 13312K, 0% used [0x00000000e2a00000,0x00000000e2a00000,0x00000000e3700000)
  to   space 16384K, 0% used [0x00000000e1a00000,0x00000000e1a00000,0x00000000e2a00000)
 ParOldGen       total 109056K, used 22973K [0x0000000080c00000, 0x0000000087680000, 0x00000000d5980000)
  object space 109056K, 21% used [0x0000000080c00000,0x000000008226f4e0,0x0000000087680000)
 Metaspace       used 44430K, capacity 44876K, committed 45312K, reserved 1089536K
  class space    used 5779K, capacity 5881K, committed 5888K, reserved 1048576K
Event: 11.907 GC heap after
Heap after GC invocations=9 (full 2):
 PSYoungGen      total 213504K, used 15493K [0x00000000d5980000, 0x00000000e8800000, 0x0000000100000000)
  eden space 197120K, 0% used [0x00000000d5980000,0x00000000d5980000,0x00000000e1a00000)
  from space 16384K, 94% used [0x00000000e1a00000,0x00000000e29216a0,0x00000000e2a00000)
  to   space 18432K, 0% used [0x00000000e7600000,0x00000000e7600000,0x00000000e8800000)
 ParOldGen       total 109056K, used 22981K [0x0000000080c00000, 0x0000000087680000, 0x00000000d5980000)
  object space 109056K, 21% used [0x0000000080c00000,0x00000000822714e0,0x0000000087680000)
 Metaspace       used 44430K, capacity 44876K, committed 45312K, reserved 1089536K
  class space    used 5779K, capacity 5881K, committed 5888K, reserved 1048576K
}

Deoptimization events (10 events):
Event: 18.793 Thread 0x000000001f6bc000 Uncommon trap: reason=class_check action=maybe_recompile pc=0x000000000357ce94 method=java.util.regex.Pattern$7.isSatisfiedBy(I)Z @ 16
Event: 18.793 Thread 0x000000001f6bc000 Uncommon trap: reason=class_check action=maybe_recompile pc=0x000000000357cea4 method=java.util.regex.Pattern$CharProperty$1.isSatisfiedBy(I)Z @ 5
Event: 18.793 Thread 0x000000001f6bc000 Uncommon trap: reason=class_check action=maybe_recompile pc=0x000000000357ce94 method=java.util.regex.Pattern$7.isSatisfiedBy(I)Z @ 16
Event: 18.796 Thread 0x000000001f6bc000 Uncommon trap: reason=bimorphic action=maybe_recompile pc=0x000000000352507c method=java.util.AbstractList$Itr.next()Ljava/lang/Object; @ 14
Event: 18.808 Thread 0x000000001f6bc000 Uncommon trap: reason=null_check action=make_not_entrant pc=0x000000000420ff6c method=org.springframework.core.annotation.AnnotatedElementUtils.searchWithFindSemantics(Ljava/lang/reflect/AnnotatedElement;Ljava/lang/Class;Ljava/lang/String;Ljava/lang/Class;Ý»^dì2@
Event: 18.923 Thread 0x000000001f6bc000 Uncommon trap: reason=bimorphic action=maybe_recompile pc=0x000000000352507c method=java.util.AbstractList$Itr.next()Ljava/lang/Object; @ 14
Event: 19.091 Thread 0x000000001f6bc000 Uncommon trap: reason=bimorphic action=maybe_recompile pc=0x000000000352507c method=java.util.AbstractList$Itr.next()Ljava/lang/Object; @ 14
Event: 19.092 Thread 0x000000001f6bc000 Uncommon trap: reason=bimorphic action=maybe_recompile pc=0x000000000352507c method=java.util.AbstractList$Itr.next()Ljava/lang/Object; @ 14
Event: 722.592 Thread 0x000000001a7e5000 Uncommon trap: reason=unstable_if action=reinterpret pc=0x00000000042a2e90 method=sun.nio.ch.WindowsSelectorImpl$SubSelector.processFDSet(J[IIZ)I @ 11
Event: 722.592 Thread 0x000000001f6bd800 Uncommon trap: reason=unstable_if action=reinterpret pc=0x00000000042a2e90 method=sun.nio.ch.WindowsSelectorImpl$SubSelector.processFDSet(J[IIZ)I @ 11

Internal exceptions (10 events):
Event: 19.035 Thread 0x000000001f6bc000 Exception <a 'java/lang/StackOverflowError'> (0x00000000d784ce10) thrown at [C:\re\workspace\8-2-build-windows-amd64-cygwin\jdk8u101\7261\hotspot\src\share\vm\prims\jvm.cpp, line 1390]
Event: 19.035 Thread 0x000000001f6bc000 Exception <a 'java/lang/StackOverflowError'> (0x00000000d7862d90) thrown at [C:\re\workspace\8-2-build-windows-amd64-cygwin\jdk8u101\7261\hotspot\src\share\vm\runtime\javaCalls.cpp, line 386]
Event: 19.035 Thread 0x000000001f6bc000 Exception <a 'java/lang/StackOverflowError'> (0x00000000d7862d90) thrown at [C:\re\workspace\8-2-build-windows-amd64-cygwin\jdk8u101\7261\hotspot\src\share\vm\classfile\systemDictionary.cpp, line 1538]
Event: 19.035 Thread 0x000000001f6bc000 Exception <a 'java/lang/StackOverflowError'> (0x00000000d7862d90) thrown at [C:\re\workspace\8-2-build-windows-amd64-cygwin\jdk8u101\7261\hotspot\src\share\vm\prims\jvm.cpp, line 1390]
Event: 19.036 Thread 0x000000001f6bc000 Exception <a 'java/lang/StackOverflowError'> (0x00000000d7878d10) thrown at [C:\re\workspace\8-2-build-windows-amd64-cygwin\jdk8u101\7261\hotspot\src\share\vm\runtime\javaCalls.cpp, line 386]
Event: 19.036 Thread 0x000000001f6bc000 Exception <a 'java/lang/StackOverflowError'> (0x00000000d7878d10) thrown at [C:\re\workspace\8-2-build-windows-amd64-cygwin\jdk8u101\7261\hotspot\src\share\vm\classfile\systemDictionary.cpp, line 1538]
Event: 19.036 Thread 0x000000001f6bc000 Exception <a 'java/lang/StackOverflowError'> (0x00000000d7878d10) thrown at [C:\re\workspace\8-2-build-windows-amd64-cygwin\jdk8u101\7261\hotspot\src\share\vm\prims\jvm.cpp, line 1390]
Event: 19.036 Thread 0x000000001f6bc000 Exception <a 'java/lang/StackOverflowError'> (0x00000000d788ec90) thrown at [C:\re\workspace\8-2-build-windows-amd64-cygwin\jdk8u101\7261\hotspot\src\share\vm\runtime\javaCalls.cpp, line 386]
Event: 19.036 Thread 0x000000001f6bc000 Exception <a 'java/lang/StackOverflowError'> (0x00000000d788ec90) thrown at [C:\re\workspace\8-2-build-windows-amd64-cygwin\jdk8u101\7261\hotspot\src\share\vm\classfile\systemDictionary.cpp, line 1538]
Event: 19.036 Thread 0x000000001f6bc000 Exception <a 'java/lang/StackOverflowError'> (0x00000000d788ec90) thrown at [C:\re\workspace\8-2-build-windows-amd64-cygwin\jdk8u101\7261\hotspot\src\share\vm\prims\jvm.cpp, line 1390]

Events (10 events):
Event: 730.189 Thread 0x0000000019450800 flushing nmethod 0x00000000036ebb10
Event: 730.189 Thread 0x0000000019450800 flushing nmethod 0x00000000036ec610
Event: 730.189 Thread 0x0000000019450800 flushing nmethod 0x00000000036ee710
Event: 730.189 Thread 0x0000000019450800 flushing nmethod 0x0000000003705e10
Event: 730.189 Thread 0x0000000019450800 flushing nmethod 0x000000000370bb10
Event: 730.189 Thread 0x0000000019450800 flushing nmethod 0x000000000372f850
Event: 730.190 Thread 0x0000000019450800 flushing nmethod 0x000000000373c0d0
Event: 730.190 Thread 0x0000000019450800 flushing nmethod 0x0000000003743150
Event: 743.645 Thread 0x0000000017bf6800 flushing nmethod 0x000000000375b3d0
Event: 748.390 Thread 0x0000000017bf6800 flushing nmethod 0x0000000003766d10


Dynamic libraries:
0x00007ff7fc4e0000 - 0x00007ff7fc517000 	C:\Program Files\Java\jdk1.8.0_101\bin\java.exe
0x00007ff8f7080000 - 0x00007ff8f725b000 	C:\WINDOWS\SYSTEM32\ntdll.dll
0x00007ff8f4600000 - 0x00007ff8f46ae000 	C:\WINDOWS\System32\KERNEL32.DLL
0x00007ff8f3950000 - 0x00007ff8f3b99000 	C:\WINDOWS\System32\KERNELBASE.dll
0x00007ff8f62c0000 - 0x00007ff8f6361000 	C:\WINDOWS\System32\ADVAPI32.dll
0x00007ff8f6380000 - 0x00007ff8f641d000 	C:\WINDOWS\System32\msvcrt.dll
0x00007ff8f6870000 - 0x00007ff8f68c9000 	C:\WINDOWS\System32\sechost.dll
0x00007ff8f4d50000 - 0x00007ff8f4e75000 	C:\WINDOWS\System32\RPCRT4.dll
0x00007ff8f6af0000 - 0x00007ff8f6c3a000 	C:\WINDOWS\System32\USER32.dll
0x00007ff8f3760000 - 0x00007ff8f377e000 	C:\WINDOWS\System32\win32u.dll
0x00007ff8f6d50000 - 0x00007ff8f6d77000 	C:\WINDOWS\System32\GDI32.dll
0x00007ff8f4450000 - 0x00007ff8f45d8000 	C:\WINDOWS\System32\gdi32full.dll
0x00007ff8f3c00000 - 0x00007ff8f3c9a000 	C:\WINDOWS\System32\msvcp_win.dll
0x00007ff8f35f0000 - 0x00007ff8f36e6000 	C:\WINDOWS\System32\ucrtbase.dll
0x00007ff8f0110000 - 0x00007ff8f0377000 	C:\WINDOWS\WinSxS\amd64_microsoft.windows.common-controls_6595b64144ccf1df_6.0.15063.483_none_26002d27e7c744a2\COMCTL32.dll
0x00007ff8f6d80000 - 0x00007ff8f7079000 	C:\WINDOWS\System32\combase.dll
0x00007ff8f36f0000 - 0x00007ff8f375a000 	C:\WINDOWS\System32\bcryptPrimitives.dll
0x00007ff8f6420000 - 0x00007ff8f644d000 	C:\WINDOWS\System32\IMM32.DLL
0x0000000056060000 - 0x0000000056132000 	C:\Program Files\Java\jdk1.8.0_101\jre\bin\msvcr100.dll
0x00000000554a0000 - 0x0000000055d3a000 	C:\Program Files\Java\jdk1.8.0_101\jre\bin\server\jvm.dll
0x00007ff8f4c40000 - 0x00007ff8f4c48000 	C:\WINDOWS\System32\PSAPI.DLL
0x00007ff8ec0d0000 - 0x00007ff8ec0d9000 	C:\WINDOWS\SYSTEM32\WSOCK32.dll
0x00007ff8f66f0000 - 0x00007ff8f675c000 	C:\WINDOWS\System32\WS2_32.dll
0x00007ff8e5a30000 - 0x00007ff8e5a53000 	C:\WINDOWS\SYSTEM32\WINMM.dll
0x00007ff8e53f0000 - 0x00007ff8e541b000 	C:\WINDOWS\SYSTEM32\WINMMBASE.dll
0x00007ff8f35a0000 - 0x00007ff8f35e9000 	C:\WINDOWS\System32\cfgmgr32.dll
0x00007ff8ed880000 - 0x00007ff8ed88a000 	C:\WINDOWS\SYSTEM32\VERSION.dll
0x0000000056200000 - 0x000000005620f000 	C:\Program Files\Java\jdk1.8.0_101\jre\bin\verify.dll
0x00000000561d0000 - 0x00000000561f9000 	C:\Program Files\Java\jdk1.8.0_101\jre\bin\java.dll
0x00000000561b0000 - 0x00000000561c6000 	C:\Program Files\Java\jdk1.8.0_101\jre\bin\zip.dll
0x00007ff8f4e80000 - 0x00007ff8f62b7000 	C:\WINDOWS\System32\SHELL32.dll
0x00007ff8f6760000 - 0x00007ff8f680a000 	C:\WINDOWS\System32\shcore.dll
0x00007ff8f3d50000 - 0x00007ff8f4443000 	C:\WINDOWS\System32\windows.storage.dll
0x00007ff8f65d0000 - 0x00007ff8f6621000 	C:\WINDOWS\System32\shlwapi.dll
0x00007ff8f3580000 - 0x00007ff8f3591000 	C:\WINDOWS\System32\kernel.appcore.dll
0x00007ff8f34f0000 - 0x00007ff8f353c000 	C:\WINDOWS\System32\powrprof.dll
0x00007ff8f3540000 - 0x00007ff8f3555000 	C:\WINDOWS\System32\profapi.dll
0x00007ff8f1b30000 - 0x00007ff8f1b40000 	C:\Program Files (x86)\JetBrains\IntelliJ IDEA 2016.2.4\bin\breakgen64.dll
0x0000000056160000 - 0x000000005617a000 	C:\Program Files\Java\jdk1.8.0_101\jre\bin\net.dll
0x00007ff8f2da0000 - 0x00007ff8f2dfc000 	C:\WINDOWS\system32\mswsock.dll
0x00000000561a0000 - 0x00000000561ad000 	C:\Program Files\Java\jdk1.8.0_101\jre\bin\management.dll
0x00007ff8f1c90000 - 0x00007ff8f1ca6000 	C:\WINDOWS\system32\napinsp.dll
0x00007ff8f0850000 - 0x00007ff8f086a000 	C:\WINDOWS\system32\pnrpnsp.dll
0x00007ff8eb2a0000 - 0x00007ff8eb2b8000 	C:\WINDOWS\system32\NLAapi.dll
0x00007ff8f2b80000 - 0x00007ff8f2c24000 	C:\WINDOWS\SYSTEM32\DNSAPI.dll
0x00007ff8f6450000 - 0x00007ff8f6458000 	C:\WINDOWS\System32\NSI.dll
0x00007ff8f2b40000 - 0x00007ff8f2b77000 	C:\WINDOWS\SYSTEM32\IPHLPAPI.DLL
0x00007ff8f1c80000 - 0x00007ff8f1c8e000 	C:\WINDOWS\System32\winrnr.dll
0x0000000056d30000 - 0x0000000056d56000 	C:\Program Files\Bonjour\mdnsNSP.dll
0x00007ff8e7ec0000 - 0x00007ff8e7eca000 	C:\Windows\System32\rasadhlp.dll
0x00007ff8e8100000 - 0x00007ff8e816b000 	C:\WINDOWS\System32\fwpuclnt.dll
0x00007ff8f33c0000 - 0x00007ff8f33e5000 	C:\WINDOWS\SYSTEM32\bcrypt.dll
0x0000000055f60000 - 0x0000000055f71000 	C:\Program Files\Java\jdk1.8.0_101\jre\bin\nio.dll
0x00007ff8f2f40000 - 0x00007ff8f2f57000 	C:\WINDOWS\SYSTEM32\CRYPTSP.dll
0x00007ff8f29c0000 - 0x00007ff8f29f4000 	C:\WINDOWS\system32\rsaenh.dll
0x00007ff8f3420000 - 0x00007ff8f3449000 	C:\WINDOWS\SYSTEM32\USERENV.dll
0x00007ff8f2f60000 - 0x00007ff8f2f6b000 	C:\WINDOWS\SYSTEM32\CRYPTBASE.dll
0x00007ff8eb8b0000 - 0x00007ff8eb8c6000 	C:\WINDOWS\SYSTEM32\dhcpcsvc6.DLL
0x00007ff8eb800000 - 0x00007ff8eb81a000 	C:\WINDOWS\SYSTEM32\dhcpcsvc.DLL

VM Arguments:
jvm_args: -Dspring.output.ansi.enabled=always -Didea.launcher.port=7534 -Didea.launcher.bin.path=C:\Program Files (x86)\JetBrains\IntelliJ IDEA 2016.2.4\bin -Dfile.encoding=UTF-8 
java_command: com.intellij.rt.execution.application.AppMain com.trabalhosaas.ApiTrabalhoSaasApplication
java_class_path (initial): C:\Program Files\Java\jdk1.8.0_101\jre\lib\charsets.jar;C:\Program Files\Java\jdk1.8.0_101\jre\lib\deploy.jar;C:\Program Files\Java\jdk1.8.0_101\jre\lib\ext\access-bridge-64.jar;C:\Program Files\Java\jdk1.8.0_101\jre\lib\ext\cldrdata.jar;C:\Program Files\Java\jdk1.8.0_101\jre\lib\ext\dnsns.jar;C:\Program Files\Java\jdk1.8.0_101\jre\lib\ext\jaccess.jar;C:\Program Files\Java\jdk1.8.0_101\jre\lib\ext\jfxrt.jar;C:\Program Files\Java\jdk1.8.0_101\jre\lib\ext\localedata.jar;C:\Program Files\Java\jdk1.8.0_101\jre\lib\ext\nashorn.jar;C:\Program Files\Java\jdk1.8.0_101\jre\lib\ext\sunec.jar;C:\Program Files\Java\jdk1.8.0_101\jre\lib\ext\sunjce_provider.jar;C:\Program Files\Java\jdk1.8.0_101\jre\lib\ext\sunmscapi.jar;C:\Program Files\Java\jdk1.8.0_101\jre\lib\ext\sunpkcs11.jar;C:\Program Files\Java\jdk1.8.0_101\jre\lib\ext\zipfs.jar;C:\Program Files\Java\jdk1.8.0_101\jre\lib\javaws.jar;C:\Program Files\Java\jdk1.8.0_101\jre\lib\jce.jar;C:\Program Files\Java\jdk1.8.0_101\jre\lib\jfr.jar;C:\Program Files\Java\jdk1.8.0_101\jre\lib\jfxswt.jar;C:\Program Files\Java\jdk1.8.0_101\jre\lib\jsse.jar;C:\Program Files\Java\jdk1.8.0_101\jre\lib\management-agent.jar;C:\Program Files\Java\jdk1.8.0_101\jre\lib\plugin.jar;C:\Program Files\Java\jdk1.8.0_101\jre\lib\resources.jar;C:\Program Files\Java\jdk1.8.0_101\jre\lib\rt.jar;C:\Users\Eduardo\Desktop\TrabalhoFinal_SAAS\APITrabalhoSAAS\target\classes;C:\Users\Eduardo\.m2\repository\org\springframework\boot\spring-boot-starter-data-jpa\1.5.7.RELEASE\spring-boot-starter-data-jpa-1.5.7.RELEASE.jar;C:\Users\Eduardo\.m2\repository\org\springframework\boot\spring-boot-starter\1.5.7.RELEASE\spring-boot-starter-1.5.7.RELEASE.jar;C:\Users\Eduardo\.m2\repository\org\springframework\boot\spring-boot\1.5.7.RELEASE\spring-boot-1.5.7.RELEASE.jar;C:\Users\Eduardo\.m2\repository\org\springframework\boot\spring-boot-autoconfigure\1.5.7.RELEASE\spring-boot-autoconfigure-1.5.7.RELEASE.jar;C:\Users\Eduardo\.m2\repository\org\springfr
Launcher Type: SUN_STANDARD

Environment Variables:
JAVA_HOME=C:\Program Files\Java\jdk1.8.0_121
PATH=C:\Program Files\Docker\Docker\Resources\bin;C:\ProgramData\Oracle\Java\javapath;C:\WINDOWS\system32;C:\WINDOWS;C:\WINDOWS\System32\Wbem;C:\WINDOWS\System32\WindowsPowerShell\v1.0\;C:\Program Files (x86)\ATI Technologies\ATI.ACE\Core-Static;C:\Program Files\Java\jdk1.8.0_121\bin;C:\WINDOWS\system32\config\systemprofile\.dnx\bin;C:\Program Files\Microsoft DNX\Dnvm\;C:\Program Files (x86)\Windows Kits\8.1\Windows Performance Toolkit\;C:\Program Files\Microsoft SQL Server\130\Tools\Binn\;C:\Program Files (x86)\Microsoft Emulator Manager\1.0\;C:\Program Files (x86)\nodejs\;C:\Program Files (x86)\Arduino\Arduino.exe;C:\Program Files\Microsoft SQL Server\Client SDK\ODBC\110\Tools\Binn\;C:\Program Files (x86)\Microsoft SQL Server\120\Tools\Binn\;C:\Program Files\Microsoft SQL Server\120\Tools\Binn\;C:\Program Files\Microsoft SQL Server\120\DTS\Binn\;C:\Program Files (x86)\Microsoft SQL Server\120\Tools\Binn\ManagementStudio\;C:\Program Files (x86)\Microsoft SQL Server\120\DTS\Binn\;C:\Program Files (x86)\Skype\Phone\;C:\Program Files\Git\cmd;C:\Program Files\PuTTY\;C:\Users\Eduardo\AppData\Roaming\npm;C:\Program Files (x86)\Microsoft VS Code\bin;C:\Program Files (x86)\Arduino;C:\Users\Eduardo\AppData\Local\Microsoft\WindowsApps;C:\Program Files\Heroku\bin;
USERNAME=Eduardo
OS=Windows_NT
PROCESSOR_IDENTIFIER=Intel64 Family 6 Model 42 Stepping 7, GenuineIntel



---------------  S Y S T E M  ---------------

OS: Windows 10.0 , 64 bit Build 15063 (10.0.15063.296)

CPU:total 4 (2 cores per cpu, 2 threads per core) family 6 model 42 stepping 7, cmov, cx8, fxsr, mmx, sse, sse2, sse3, ssse3, sse4.1, sse4.2, popcnt, avx, aes, clmul, ht, tsc, tscinvbit

Memory: 4k page, physical 8335212k(2721448k free), swap 13965096k(2972168k free)

vm_info: Java HotSpot(TM) 64-Bit Server VM (25.101-b13) for windows-amd64 JRE (1.8.0_101-b13), built on Jun 22 2016 01:21:29 by "java_re" with MS VC++ 10.0 (VS2010)

time: Sat Sep 16 23:59:50 2017
elapsed time: 856 seconds (0d 0h 14m 16s)

